<?xml version="1.0" encoding="UTF-8"?>
<testsuite xmlns:xsi="http://www.w3.org/2001/XMLSchema-instance" xsi:schemaLocation="https://maven.apache.org/surefire/maven-surefire-plugin/xsd/surefire-test-report.xsd" name="runner.TestRunner" time="54.572" tests="12" errors="0" skipped="0" failures="0">
  <properties>
[...]
</properties>
  <testcase name="Given Open firefox and Start Application" classname="| vishal5@gmail.com | kjhkhkkh |" time="0.004"/>
  <testcase name="When I give valid &quot;vishal5@gmail.com&quot; and &quot;kjhkhkkh&quot;" classname="| vishal5@gmail.com | kjhkhkkh |" time="0"/>
  <testcase name="Then Login should be successfull" classname="| vishal5@gmail.com | kjhkhkkh |" time="0"/>
  <testcase name="| vishal5@gmail.com | kjhkhkkh |" classname="| vishal5@gmail.com | kjhkhkkh |" time="0.001"/>
  <testcase name="Given Open firefox and Start Application" classname="| vifkk@gmail.com | hgjjgjg |" time="0"/>
  <testcase name="When I give valid &quot;vifkk@gmail.com&quot; and &quot;hgjjgjg&quot;" classname="| vifkk@gmail.com | hgjjgjg |" time="0"/>
  <testcase name="Then Login should be successfull" classname="| vifkk@gmail.com | hgjjgjg |" time="0"/>
  <testcase name="| vifkk@gmail.com | hgjjgjg |" classname="| vifkk@gmail.com | hgjjgjg |" time="0"/>
  <testcase name="Given Open firefox and Start Application" classname="| madhurvishal5@gmai.com | .v9661132 |" time="0"/>
  <testcase name="When I give valid &quot;madhurvishal5@gmai.com&quot; and &quot;.v9661132&quot;" classname="| madhurvishal5@gmai.com | .v9661132 |" time="0"/>
  <testcase name="Then Login should be successfull" classname="| madhurvishal5@gmai.com | .v9661132 |" time="0"/>
  <testcase name="| madhurvishal5@gmai.com | .v9661132 |" classname="| madhurvishal5@gmai.com | .v9661132 |" time="0.001"/>
</testsuite>