<?xml version="1.0" encoding="UTF-8"?><testsuite failures="0" name="cucumber.runtime.formatter.JUnitFormatter" skipped="0" tests="3" time="53.44">
<testcase classname="Test Facebook Smoke Scenarios" name="Test Login With Login Credentials" time="26.028622">
<system-out><![CDATA[Given Open firefox and Start Application....................................passed
When I give valid "vishal5@gmail.com" and "kjhkhkkh"........................passed
Then Login should be successfull............................................passed
]]></system-out>
</testcase>
<testcase classname="Test Facebook Smoke Scenarios" name="Test Login With Login Credentials 2" time="9.43197">
<system-out><![CDATA[Given Open firefox and Start Application....................................passed
When I give valid "vifkk@gmail.com" and "hgjjgjg"...........................passed
Then Login should be successfull............................................passed
]]></system-out>
</testcase>
<testcase classname="Test Facebook Smoke Scenarios" name="Test Login With Login Credentials 3" time="17.979408">
<system-out><![CDATA[Given Open firefox and Start Application....................................passed
When I give valid "madhurvishal5@gmai.com" and ".v9661132"..................passed
Then Login should be successfull............................................passed
]]></system-out>
</testcase>
</testsuite>
